{"numTotalTestSuites":4,"numPassedTestSuites":4,"numFailedTestSuites":0,"numPendingTestSuites":0,"numTotalTests":10,"numPassedTests":10,"numFailedTests":0,"numPendingTests":0,"numTodoTests":0,"snapshot":{"added":0,"failure":false,"filesAdded":0,"filesRemoved":0,"filesRemovedList":[],"filesUnmatched":0,"filesUpdated":0,"matched":0,"total":0,"unchecked":0,"uncheckedKeysByFile":[],"unmatched":0,"updated":0,"didUpdate":false},"startTime":1780073139664,"success":true,"testResults":[{"assertionResults":[{"ancestorTitles":["Booking utilities"],"fullName":"Booking utilities allows booking when there are no conflicts","status":"passed","title":"allows booking when there are no conflicts","duration":4.406199999999899,"failureMessages":[],"meta":{},"tags":[]},{"ancestorTitles":["Booking utilities"],"fullName":"Booking utilities rejects a booking that overlaps an existing confirmed booking","status":"passed","title":"rejects a booking that overlaps an existing confirmed booking","duration":0.688899999999876,"failureMessages":[],"meta":{},"tags":[]},{"ancestorTitles":["Booking utilities"],"fullName":"Booking utilities rejects a booking that overlaps a blocked slot","status":"passed","title":"rejects a booking that overlaps a blocked slot","duration":0.38009999999985666,"failureMessages":[],"meta":{},"tags":[]},{"ancestorTitles":["Booking utilities"],"fullName":"Booking utilities filters available slots correctly","status":"passed","title":"filters available slots correctly","duration":2.171100000000024,"failureMessages":[],"meta":{},"tags":[]},{"ancestorTitles":["Booking utilities"],"fullName":"Booking utilities does not permit bookings that would end after closing time","status":"passed","title":"does not permit bookings that would end after closing time","duration":0.19160000000010768,"failureMessages":[],"meta":{},"tags":[]}],"startTime":1780073140745,"endTime":1780073140753.1917,"status":"passed","message":"","name":"C:/Users/duynk/Projects/kk-nails-spa/src/lib/booking-utils.test.ts"},{"assertionResults":[{"ancestorTitles":["API /bookings route"],"fullName":"API /bookings route GET returns the current bookings after seeding sample data","status":"passed","title":"GET returns the current bookings after seeding sample data","duration":4.338700000000017,"failureMessages":[],"meta":{},"tags":[]},{"ancestorTitles":["API /bookings route"],"fullName":"API /bookings route POST returns 400 for invalid booking payload","status":"passed","title":"POST returns 400 for invalid booking payload","duration":3.2722000000001117,"failureMessages":[],"meta":{},"tags":[]},{"ancestorTitles":["API /bookings route"],"fullName":"API /bookings route POST returns 400 for invalid service or technician","status":"passed","title":"POST returns 400 for invalid service or technician","duration":0.9371000000001004,"failureMessages":[],"meta":{},"tags":[]},{"ancestorTitles":["API /bookings route"],"fullName":"API /bookings route POST returns 409 when the requested slot is no longer available","status":"passed","title":"POST returns 409 when the requested slot is no longer available","duration":2.094100000000026,"failureMessages":[],"meta":{},"tags":[]},{"ancestorTitles":["API /bookings route"],"fullName":"API /bookings route POST successfully creates a booking and sends a confirmation email","status":"passed","title":"POST successfully creates a booking and sends a confirmation email","duration":1.5196000000000822,"failureMessages":[],"meta":{},"tags":[]}],"startTime":1780073140859,"endTime":1780073140871.5195,"status":"passed","message":"","name":"C:/Users/duynk/Projects/kk-nails-spa/src/app/api/bookings/route.test.ts"}]}
